android/app/build/intermediates/manifest_merge_blame_file/debug/processDebugMainManifest/manifest-merger-blame-debug-report.txt
1<?xml version="1.0" encoding="utf-8"?>
2<manifest xmlns:android="http://schemas.android.com/apk/res/android"
3    package="reporte.ciudadano"
4    android:versionCode="1"
5    android:versionName="1.0" >
6
7    <uses-sdk
8        android:minSdkVersion="23"
9        android:targetSdkVersion="35" />
10
11    <!-- ✅ Agrega aquí el permiso -->
12    <uses-permission android:name="android.permission.INTERNET" />
12-->src\main\AndroidManifest.xml:5:3-65
12-->src\main\AndroidManifest.xml:5:20-62
13    <uses-permission android:name="android.permission.ACCESS_COARSE_LOCATION" />
13-->src\main\AndroidManifest.xml:6:3-79
13-->src\main\AndroidManifest.xml:6:20-76
14    <uses-permission android:name="android.permission.ACCESS_FINE_LOCATION" />
14-->src\main\AndroidManifest.xml:7:3-77
14-->src\main\AndroidManifest.xml:7:20-74
15    <uses-permission android:name="android.permission.READ_EXTERNAL_STORAGE" />
15-->src\main\AndroidManifest.xml:9:3-78
15-->src\main\AndroidManifest.xml:9:20-75
16    <uses-permission android:name="android.permission.WRITE_EXTERNAL_STORAGE" />
16-->src\main\AndroidManifest.xml:10:3-79
16-->src\main\AndroidManifest.xml:10:20-76
17
18    <queries>
18-->[:capacitor-camera] AndroidManifest.xml:7:5-11:15
19        <intent>
19-->[:capacitor-camera] AndroidManifest.xml:8:9-10:18
20            <action android:name="android.media.action.IMAGE_CAPTURE" />
20-->[:capacitor-camera] AndroidManifest.xml:9:13-73
20-->[:capacitor-camera] AndroidManifest.xml:9:21-70
21        </intent>
22    </queries>
23
24    <uses-permission android:name="android.permission.VIBRATE" />
24-->[:capacitor-haptics] AndroidManifest.xml:7:5-66
24-->[:capacitor-haptics] AndroidManifest.xml:7:22-63
25
26    <permission
26-->[androidx.core:core:1.15.0] AndroidManifest.xml:22:5-24:47
27        android:name="reporte.ciudadano.DYNAMIC_RECEIVER_NOT_EXPORTED_PERMISSION"
27-->[androidx.core:core:1.15.0] AndroidManifest.xml:23:9-81
28        android:protectionLevel="signature" />
28-->[androidx.core:core:1.15.0] AndroidManifest.xml:24:9-44
29
30    <uses-permission android:name="reporte.ciudadano.DYNAMIC_RECEIVER_NOT_EXPORTED_PERMISSION" />
30-->[androidx.core:core:1.15.0] AndroidManifest.xml:26:5-97
30-->[androidx.core:core:1.15.0] AndroidManifest.xml:26:22-94
31
32    <application
32-->src\main\AndroidManifest.xml:12:3-47:17
33        android:allowBackup="true"
33-->src\main\AndroidManifest.xml:13:5-31
34        android:appComponentFactory="androidx.core.app.CoreComponentFactory"
34-->[androidx.core:core:1.15.0] AndroidManifest.xml:28:18-86
35        android:debuggable="true"
36        android:extractNativeLibs="false"
37        android:icon="@mipmap/ic_launcher"
37-->src\main\AndroidManifest.xml:14:5-39
38        android:label="@string/app_name"
38-->src\main\AndroidManifest.xml:15:5-37
39        android:roundIcon="@mipmap/ic_launcher_round"
39-->src\main\AndroidManifest.xml:16:5-50
40        android:supportsRtl="true"
40-->src\main\AndroidManifest.xml:17:5-31
41        android:testOnly="true"
42        android:theme="@style/AppTheme"
42-->src\main\AndroidManifest.xml:18:5-36
43        android:usesCleartextTraffic="true" >
43-->src\main\AndroidManifest.xml:19:5-40
44
45        <!-- actividad principal -->
46        <activity
46-->src\main\AndroidManifest.xml:22:5-35:16
47            android:name="reporte.ciudadano.MainActivity"
47-->src\main\AndroidManifest.xml:24:7-35
48            android:configChanges="orientation|keyboardHidden|keyboard|screenSize|locale|smallestScreenSize|screenLayout|uiMode|navigation"
48-->src\main\AndroidManifest.xml:23:7-134
49            android:exported="true"
49-->src\main\AndroidManifest.xml:28:7-30
50            android:label="@string/title_activity_main"
50-->src\main\AndroidManifest.xml:25:7-50
51            android:launchMode="singleTask"
51-->src\main\AndroidManifest.xml:27:7-38
52            android:theme="@style/AppTheme.NoActionBarLaunch" >
52-->src\main\AndroidManifest.xml:26:7-56
53            <intent-filter>
53-->src\main\AndroidManifest.xml:30:7-33:23
54                <action android:name="android.intent.action.MAIN" />
54-->src\main\AndroidManifest.xml:31:9-61
54-->src\main\AndroidManifest.xml:31:17-58
55
56                <category android:name="android.intent.category.LAUNCHER" />
56-->src\main\AndroidManifest.xml:32:9-69
56-->src\main\AndroidManifest.xml:32:19-66
57            </intent-filter>
58        </activity>
59
60        <!-- file provider -->
61        <provider
62            android:name="androidx.core.content.FileProvider"
62-->src\main\AndroidManifest.xml:39:7-56
63            android:authorities="reporte.ciudadano.fileprovider"
63-->src\main\AndroidManifest.xml:40:7-58
64            android:exported="false"
64-->src\main\AndroidManifest.xml:41:7-31
65            android:grantUriPermissions="true" >
65-->src\main\AndroidManifest.xml:42:7-41
66            <meta-data
66-->src\main\AndroidManifest.xml:43:7-45:46
67                android:name="android.support.FILE_PROVIDER_PATHS"
67-->src\main\AndroidManifest.xml:44:9-59
68                android:resource="@xml/file_paths" />
68-->src\main\AndroidManifest.xml:45:9-43
69        </provider>
70
71        <activity
71-->[com.google.android.gms:play-services-base:18.5.0] AndroidManifest.xml:5:9-173
72            android:name="com.google.android.gms.common.api.GoogleApiActivity"
72-->[com.google.android.gms:play-services-base:18.5.0] AndroidManifest.xml:5:19-85
73            android:exported="false"
73-->[com.google.android.gms:play-services-base:18.5.0] AndroidManifest.xml:5:146-170
74            android:theme="@android:style/Theme.Translucent.NoTitleBar" />
74-->[com.google.android.gms:play-services-base:18.5.0] AndroidManifest.xml:5:86-145
75
76        <provider
76-->[androidx.emoji2:emoji2:1.3.0] AndroidManifest.xml:24:9-32:20
77            android:name="androidx.startup.InitializationProvider"
77-->[androidx.emoji2:emoji2:1.3.0] AndroidManifest.xml:25:13-67
78            android:authorities="reporte.ciudadano.androidx-startup"
78-->[androidx.emoji2:emoji2:1.3.0] AndroidManifest.xml:26:13-68
79            android:exported="false" >
79-->[androidx.emoji2:emoji2:1.3.0] AndroidManifest.xml:27:13-37
80            <meta-data
80-->[androidx.emoji2:emoji2:1.3.0] AndroidManifest.xml:29:13-31:52
81                android:name="androidx.emoji2.text.EmojiCompatInitializer"
81-->[androidx.emoji2:emoji2:1.3.0] AndroidManifest.xml:30:17-75
82                android:value="androidx.startup" />
82-->[androidx.emoji2:emoji2:1.3.0] AndroidManifest.xml:31:17-49
83            <meta-data
83-->[androidx.lifecycle:lifecycle-process:2.6.2] AndroidManifest.xml:29:13-31:52
84                android:name="androidx.lifecycle.ProcessLifecycleInitializer"
84-->[androidx.lifecycle:lifecycle-process:2.6.2] AndroidManifest.xml:30:17-78
85                android:value="androidx.startup" />
85-->[androidx.lifecycle:lifecycle-process:2.6.2] AndroidManifest.xml:31:17-49
86            <meta-data
86-->[androidx.profileinstaller:profileinstaller:1.3.1] AndroidManifest.xml:29:13-31:52
87                android:name="androidx.profileinstaller.ProfileInstallerInitializer"
87-->[androidx.profileinstaller:profileinstaller:1.3.1] AndroidManifest.xml:30:17-85
88                android:value="androidx.startup" />
88-->[androidx.profileinstaller:profileinstaller:1.3.1] AndroidManifest.xml:31:17-49
89        </provider>
90
91        <meta-data
91-->[com.google.android.gms:play-services-basement:18.4.0] AndroidManifest.xml:6:9-122
92            android:name="com.google.android.gms.version"
92-->[com.google.android.gms:play-services-basement:18.4.0] AndroidManifest.xml:6:20-65
93            android:value="@integer/google_play_services_version" />
93-->[com.google.android.gms:play-services-basement:18.4.0] AndroidManifest.xml:6:66-119
94
95        <receiver
95-->[androidx.profileinstaller:profileinstaller:1.3.1] AndroidManifest.xml:34:9-52:20
96            android:name="androidx.profileinstaller.ProfileInstallReceiver"
96-->[androidx.profileinstaller:profileinstaller:1.3.1] AndroidManifest.xml:35:13-76
97            android:directBootAware="false"
97-->[androidx.profileinstaller:profileinstaller:1.3.1] AndroidManifest.xml:36:13-44
98            android:enabled="true"
98-->[androidx.profileinstaller:profileinstaller:1.3.1] AndroidManifest.xml:37:13-35
99            android:exported="true"
99-->[androidx.profileinstaller:profileinstaller:1.3.1] AndroidManifest.xml:38:13-36
100            android:permission="android.permission.DUMP" >
100-->[androidx.profileinstaller:profileinstaller:1.3.1] AndroidManifest.xml:39:13-57
101            <intent-filter>
101-->[androidx.profileinstaller:profileinstaller:1.3.1] AndroidManifest.xml:40:13-42:29
102                <action android:name="androidx.profileinstaller.action.INSTALL_PROFILE" />
102-->[androidx.profileinstaller:profileinstaller:1.3.1] AndroidManifest.xml:41:17-91
102-->[androidx.profileinstaller:profileinstaller:1.3.1] AndroidManifest.xml:41:25-88
103            </intent-filter>
104            <intent-filter>
104-->[androidx.profileinstaller:profileinstaller:1.3.1] AndroidManifest.xml:43:13-45:29
105                <action android:name="androidx.profileinstaller.action.SKIP_FILE" />
105-->[androidx.profileinstaller:profileinstaller:1.3.1] AndroidManifest.xml:44:17-85
105-->[androidx.profileinstaller:profileinstaller:1.3.1] AndroidManifest.xml:44:25-82
106            </intent-filter>
107            <intent-filter>
107-->[androidx.profileinstaller:profileinstaller:1.3.1] AndroidManifest.xml:46:13-48:29
108                <action android:name="androidx.profileinstaller.action.SAVE_PROFILE" />
108-->[androidx.profileinstaller:profileinstaller:1.3.1] AndroidManifest.xml:47:17-88
108-->[androidx.profileinstaller:profileinstaller:1.3.1] AndroidManifest.xml:47:25-85
109            </intent-filter>
110            <intent-filter>
110-->[androidx.profileinstaller:profileinstaller:1.3.1] AndroidManifest.xml:49:13-51:29
111                <action android:name="androidx.profileinstaller.action.BENCHMARK_OPERATION" />
111-->[androidx.profileinstaller:profileinstaller:1.3.1] AndroidManifest.xml:50:17-95
111-->[androidx.profileinstaller:profileinstaller:1.3.1] AndroidManifest.xml:50:25-92
112            </intent-filter>
113        </receiver>
114    </application>
115
116</manifest>